Outer window is 0x3c00001, inner window is 0x3c00002

PropertyNotify event, serial 8, synthetic NO, window 0x3c00001,
    atom 0x27 (WM_NAME), time 34453128, state PropertyNewValue

PropertyNotify event, serial 9, synthetic NO, window 0x3c00001,
    atom 0x22 (WM_COMMAND), time 34453128, state PropertyNewValue

PropertyNotify event, serial 10, synthetic NO, window 0x3c00001,
    atom 0x28 (WM_NORMAL_HINTS), time 34453128, state PropertyNewValue

CreateNotify event, serial 11, synthetic NO, window 0x3c00001,
    parent 0x3c00001, window 0x3c00002, (10,10), width 50, height 50
border_width 4, override NO

PropertyNotify event, serial 14, synthetic NO, window 0x3c00001,
    atom 0x13d (WM_PROTOCOLS), time 34453128, state PropertyNewValue

MapNotify event, serial 15, synthetic NO, window 0x3c00001,
    event 0x3c00001, window 0x3c00002, override NO

ConfigureNotify event, serial 23, synthetic NO, window 0x3c00001,
    event 0x3c00001, window 0x3c00001, (0,0), width 178, height 178,
    border_width 0, above 0x600005, override NO

ReparentNotify event, serial 23, synthetic NO, window 0x3c00001,
    event 0x3c00001, window 0x3c00001, parent 0x6008cd,
    (0,0), override NO

PropertyNotify event, serial 23, synthetic NO, window 0x3c00001,
    atom 0x126 (_NET_WM_ALLOWED_ACTIONS), time 34453130, state PropertyNewValue

PropertyNotify event, serial 24, synthetic NO, window 0x3c00001,
    atom 0x135 (WM_STATE), time 34453130, state PropertyNewValue

PropertyNotify event, serial 24, synthetic NO, window 0x3c00001,
    atom 0x159 (_NET_WM_DESKTOP), time 34453130, state PropertyNewValue

ConfigureNotify event, serial 26, synthetic NO, window 0x3c00001,
    event 0x3c00001, window 0x3c00001, (0,0), width 1678, height 514,
    border_width 0, above 0x0, override NO

PropertyNotify event, serial 26, synthetic NO, window 0x3c00001,
    atom 0x15a (_NET_FRAME_EXTENTS), time 34453131, state PropertyNewValue

MapNotify event, serial 27, synthetic NO, window 0x3c00001,
    event 0x3c00001, window 0x3c00001, override NO

VisibilityNotify event, serial 27, synthetic NO, window 0x3c00001,
    state VisibilityUnobscured

Expose event, serial 27, synthetic NO, window 0x3c00001,
    (0,0), width 1678, height 10, count 3

Expose event, serial 27, synthetic NO, window 0x3c00001,
    (0,10), width 10, height 58, count 2

Expose event, serial 27, synthetic NO, window 0x3c00001,
    (68,10), width 1610, height 58, count 1

Expose event, serial 27, synthetic NO, window 0x3c00001,
    (0,68), width 1678, height 446, count 0

EnterNotify event, serial 27, synthetic NO, window 0x3c00001,
    root 0x127, subw 0x0, time 34453133, (448,394), root:(449,414),
    mode NotifyNormal, detail NotifyNonlinear, same_screen YES,
    focus NO, state 0

KeymapNotify event, serial 27, synthetic NO, window 0x0,
    keys:  0   0   0   0   16  0   0   0   0   0   0   0   0   0   0   0   
           0   0   0   0   0   0   0   0   0   0   0   0   0   0   0   0   

PropertyNotify event, serial 27, synthetic NO, window 0x3c00001,
    atom 0x135 (WM_STATE), time 34453133, state PropertyNewValue

PropertyNotify event, serial 27, synthetic NO, window 0x3c00001,
    atom 0x124 (_NET_WM_STATE), time 34453133, state PropertyNewValue

ConfigureNotify event, serial 28, synthetic YES, window 0x3c00001,
    event 0x3c00001, window 0x3c00001, (0,19), width 1678, height 514,
    border_width 0, above 0x0, override NO

FocusIn event, serial 28, synthetic NO, window 0x3c00001,
    mode NotifyNormal, detail NotifyNonlinear

KeymapNotify event, serial 28, synthetic NO, window 0x0,
    keys:  0   0   0   0   16  0   0   0   0   0   0   0   0   0   0   0   
           0   0   0   0   0   0   0   0   0   0   0   0   0   0   0   0   

KeyRelease event, serial 28, synthetic NO, window 0x3c00001,
    root 0x127, subw 0x0, time 34453186, (448,394), root:(449,414),
    state 0x0, keycode 36 (keysym 0xff0d, Return), same_screen YES,
    XLookupString gives 1 bytes: (0d) ""
    XFilterEvent returns: False

KeyPress event, serial 31, synthetic NO, window 0x3c00001,
    root 0x127, subw 0x0, time 34453778, (448,394), root:(449,414),
    state 0x0, keycode 115 (keysym 0xffeb, Super_L), same_screen YES,
    XLookupString gives 0 bytes: 
    XmbLookupString gives 0 bytes: 
    XFilterEvent returns: False

FocusOut event, serial 31, synthetic NO, window 0x3c00001,
    mode NotifyGrab, detail NotifyNonlinear

FocusIn event, serial 31, synthetic NO, window 0x3c00001,
    mode NotifyUngrab, detail NotifyNonlinear

KeymapNotify event, serial 31, synthetic NO, window 0x0,
    keys:  0   0   0   0   0   0   0   4   0   0   0   0   0   0   8   0   
           0   0   0   0   0   0   0   0   0   0   0   0   0   0   0   0   

FocusOut event, serial 31, synthetic NO, window 0x3c00001,
    mode NotifyNormal, detail NotifyNonlinear

FocusIn event, serial 31, synthetic NO, window 0x3c00001,
    mode NotifyNormal, detail NotifyNonlinear

KeymapNotify event, serial 31, synthetic NO, window 0x0,
    keys:  2   0   0   4294967168 0   0   0   0   0   0   0   0   0   0   8   0   
           0   0   0   0   0   0   0   0   0   0   0   0   0   0   0   0   

VisibilityNotify event, serial 31, synthetic NO, window 0x3c00001,
    state VisibilityPartiallyObscured

KeyRelease event, serial 31, synthetic NO, window 0x3c00001,
    root 0x127, subw 0x0, time 34454570, (448,394), root:(449,414),
    state 0x40, keycode 31 (keysym 0x69, i), same_screen YES,
    XLookupString gives 1 bytes: (69) "i"
    XFilterEvent returns: False

FocusOut event, serial 31, synthetic NO, window 0x3c00001,
    mode NotifyGrab, detail NotifyNonlinear

FocusIn event, serial 31, synthetic NO, window 0x3c00001,
    mode NotifyUngrab, detail NotifyNonlinear

KeymapNotify event, serial 31, synthetic NO, window 0x0,
    keys:  0   0   0   0   0   0   64  0   0   0   0   0   0   0   8   0   
           0   0   0   0   0   0   0   0   0   0   0   0   0   0   0   0   

ClientMessage event, serial 31, synthetic YES, window 0x3c00001,
    message_type 0x13d (WM_PROTOCOLS), format 32, message 0x13e (WM_DELETE_WINDOW)
